[INFO  - 2018-01-31T09:11:01.271Z] GhostDriver - Main - running on port 60567
[INFO  - 2018-01-31T09:11:03.429Z] Session [a9730b40-0666-11e8-a1ee-d34a987d97d0] - page.settings - {"XSSAuditingEnabled":false,"javascriptCanCloseWindows":true,"javascriptCanOpenWindows":true,"javascriptEnabled":true,"loadImages":true,"localToRemoteUrlAccessEnabled":false,"userAgent":"Mozilla/5.0 (Windows NT 6.2; WOW64) AppleWebKit/538.1 (KHTML, like Gecko) PhantomJS/2.1.1 Safari/538.1","webSecurityEnabled":true}
[INFO  - 2018-01-31T09:11:03.430Z] Session [a9730b40-0666-11e8-a1ee-d34a987d97d0] - page.customHeaders:  - {}
[INFO  - 2018-01-31T09:11:03.430Z] Session [a9730b40-0666-11e8-a1ee-d34a987d97d0] - Session.negotiatedCapabilities - {"browserName":"phantomjs","version":"2.1.1","driverName":"ghostdriver","driverVersion":"1.2.0","platform":"windows-10-32bit","javascriptEnabled":true,"takesScreenshot":true,"handlesAlerts":false,"databaseEnabled":false,"locationContextEnabled":false,"applicationCacheEnabled":false,"browserConnectionEnabled":false,"cssSelectorsEnabled":true,"webStorageEnabled":false,"rotatable":false,"acceptSslCerts":false,"nativeEvents":true,"proxy":{"proxyType":"direct"}}
[INFO  - 2018-01-31T09:11:03.430Z] SessionManagerReqHand - _postNewSessionCommand - New Session Created: a9730b40-0666-11e8-a1ee-d34a987d97d0
[ERROR - 2018-01-31T09:11:17.549Z] Session [a9730b40-0666-11e8-a1ee-d34a987d97d0] - page.onError - msg: URIError: URI error

  phantomjs://platform/console++.js:263 in error
[ERROR - 2018-01-31T09:11:17.550Z] Session [a9730b40-0666-11e8-a1ee-d34a987d97d0] - page.onError - stack:
  decodeURIComponent (http://qianxi.baidu.com/dist/js/lib/backbone-min.js?b=v6:1)
  (anonymous function) (http://qianxi.baidu.com/dist/js/lib/backbone-min.js?b=v6:1)
  collect (http://qianxi.baidu.com/dist/js/lib/underscore.js?b=v6:6)
  _extractParameters (http://qianxi.baidu.com/dist/js/lib/backbone-min.js?b=v6:1)
  (anonymous function) (http://qianxi.baidu.com/dist/js/lib/backbone-min.js?b=v6:1)
  (anonymous function) (http://qianxi.baidu.com/dist/js/lib/backbone-min.js?b=v6:1)
  any (http://qianxi.baidu.com/dist/js/lib/underscore.js?b=v6:6)
  loadUrl (http://qianxi.baidu.com/dist/js/lib/backbone-min.js?b=v6:1)
  checkUrl (http://qianxi.baidu.com/dist/js/lib/backbone-min.js?b=v6:1)
  (anonymous function) (:0)

  phantomjs://platform/console++.js:263 in error
[ERROR - 2018-01-31T09:11:27.088Z] Session [a9730b40-0666-11e8-a1ee-d34a987d97d0] - page.onError - msg: URIError: URI error

  phantomjs://platform/console++.js:263 in error
[ERROR - 2018-01-31T09:11:27.089Z] Session [a9730b40-0666-11e8-a1ee-d34a987d97d0] - page.onError - stack:
  decodeURIComponent (http://qianxi.baidu.com/dist/js/lib/backbone-min.js?b=v6:1)
  (anonymous function) (http://qianxi.baidu.com/dist/js/lib/backbone-min.js?b=v6:1)
  collect (http://qianxi.baidu.com/dist/js/lib/underscore.js?b=v6:6)
  _extractParameters (http://qianxi.baidu.com/dist/js/lib/backbone-min.js?b=v6:1)
  (anonymous function) (http://qianxi.baidu.com/dist/js/lib/backbone-min.js?b=v6:1)
  (anonymous function) (http://qianxi.baidu.com/dist/js/lib/backbone-min.js?b=v6:1)
  any (http://qianxi.baidu.com/dist/js/lib/underscore.js?b=v6:6)
  loadUrl (http://qianxi.baidu.com/dist/js/lib/backbone-min.js?b=v6:1)
  checkUrl (http://qianxi.baidu.com/dist/js/lib/backbone-min.js?b=v6:1)
  (anonymous function) (:0)

  phantomjs://platform/console++.js:263 in error
[ERROR - 2018-01-31T09:11:36.640Z] Session [a9730b40-0666-11e8-a1ee-d34a987d97d0] - page.onError - msg: URIError: URI error

  phantomjs://platform/console++.js:263 in error
[ERROR - 2018-01-31T09:11:36.640Z] Session [a9730b40-0666-11e8-a1ee-d34a987d97d0] - page.onError - stack:
  decodeURIComponent (http://qianxi.baidu.com/dist/js/lib/backbone-min.js?b=v6:1)
  (anonymous function) (http://qianxi.baidu.com/dist/js/lib/backbone-min.js?b=v6:1)
  collect (http://qianxi.baidu.com/dist/js/lib/underscore.js?b=v6:6)
  _extractParameters (http://qianxi.baidu.com/dist/js/lib/backbone-min.js?b=v6:1)
  (anonymous function) (http://qianxi.baidu.com/dist/js/lib/backbone-min.js?b=v6:1)
  (anonymous function) (http://qianxi.baidu.com/dist/js/lib/backbone-min.js?b=v6:1)
  any (http://qianxi.baidu.com/dist/js/lib/underscore.js?b=v6:6)
  loadUrl (http://qianxi.baidu.com/dist/js/lib/backbone-min.js?b=v6:1)
  checkUrl (http://qianxi.baidu.com/dist/js/lib/backbone-min.js?b=v6:1)
  (anonymous function) (:0)

  phantomjs://platform/console++.js:263 in error
[ERROR - 2018-01-31T09:11:55.585Z] Session [a9730b40-0666-11e8-a1ee-d34a987d97d0] - page.onError - msg: URIError: URI error

  phantomjs://platform/console++.js:263 in error
[ERROR - 2018-01-31T09:11:55.585Z] Session [a9730b40-0666-11e8-a1ee-d34a987d97d0] - page.onError - stack:
  decodeURIComponent (http://qianxi.baidu.com/dist/js/lib/backbone-min.js?b=v6:1)
  (anonymous function) (http://qianxi.baidu.com/dist/js/lib/backbone-min.js?b=v6:1)
  collect (http://qianxi.baidu.com/dist/js/lib/underscore.js?b=v6:6)
  _extractParameters (http://qianxi.baidu.com/dist/js/lib/backbone-min.js?b=v6:1)
  (anonymous function) (http://qianxi.baidu.com/dist/js/lib/backbone-min.js?b=v6:1)
  (anonymous function) (http://qianxi.baidu.com/dist/js/lib/backbone-min.js?b=v6:1)
  any (http://qianxi.baidu.com/dist/js/lib/underscore.js?b=v6:6)
  loadUrl (http://qianxi.baidu.com/dist/js/lib/backbone-min.js?b=v6:1)
  checkUrl (http://qianxi.baidu.com/dist/js/lib/backbone-min.js?b=v6:1)
  (anonymous function) (:0)

  phantomjs://platform/console++.js:263 in error
[ERROR - 2018-01-31T09:12:05.159Z] Session [a9730b40-0666-11e8-a1ee-d34a987d97d0] - page.onError - msg: URIError: URI error

  phantomjs://platform/console++.js:263 in error
[ERROR - 2018-01-31T09:12:05.159Z] Session [a9730b40-0666-11e8-a1ee-d34a987d97d0] - page.onError - stack:
  decodeURIComponent (http://qianxi.baidu.com/dist/js/lib/backbone-min.js?b=v6:1)
  (anonymous function) (http://qianxi.baidu.com/dist/js/lib/backbone-min.js?b=v6:1)
  collect (http://qianxi.baidu.com/dist/js/lib/underscore.js?b=v6:6)
  _extractParameters (http://qianxi.baidu.com/dist/js/lib/backbone-min.js?b=v6:1)
  (anonymous function) (http://qianxi.baidu.com/dist/js/lib/backbone-min.js?b=v6:1)
  (anonymous function) (http://qianxi.baidu.com/dist/js/lib/backbone-min.js?b=v6:1)
  any (http://qianxi.baidu.com/dist/js/lib/underscore.js?b=v6:6)
  loadUrl (http://qianxi.baidu.com/dist/js/lib/backbone-min.js?b=v6:1)
  checkUrl (http://qianxi.baidu.com/dist/js/lib/backbone-min.js?b=v6:1)
  (anonymous function) (:0)

  phantomjs://platform/console++.js:263 in error
[ERROR - 2018-01-31T09:12:14.637Z] Session [a9730b40-0666-11e8-a1ee-d34a987d97d0] - page.onError - msg: URIError: URI error

  phantomjs://platform/console++.js:263 in error
[ERROR - 2018-01-31T09:12:14.637Z] Session [a9730b40-0666-11e8-a1ee-d34a987d97d0] - page.onError - stack:
  decodeURIComponent (http://qianxi.baidu.com/dist/js/lib/backbone-min.js?b=v6:1)
  (anonymous function) (http://qianxi.baidu.com/dist/js/lib/backbone-min.js?b=v6:1)
  collect (http://qianxi.baidu.com/dist/js/lib/underscore.js?b=v6:6)
  _extractParameters (http://qianxi.baidu.com/dist/js/lib/backbone-min.js?b=v6:1)
  (anonymous function) (http://qianxi.baidu.com/dist/js/lib/backbone-min.js?b=v6:1)
  (anonymous function) (http://qianxi.baidu.com/dist/js/lib/backbone-min.js?b=v6:1)
  any (http://qianxi.baidu.com/dist/js/lib/underscore.js?b=v6:6)
  loadUrl (http://qianxi.baidu.com/dist/js/lib/backbone-min.js?b=v6:1)
  checkUrl (http://qianxi.baidu.com/dist/js/lib/backbone-min.js?b=v6:1)
  (anonymous function) (:0)

  phantomjs://platform/console++.js:263 in error
[ERROR - 2018-01-31T09:12:24.094Z] Session [a9730b40-0666-11e8-a1ee-d34a987d97d0] - page.onError - msg: URIError: URI error

  phantomjs://platform/console++.js:263 in error
[ERROR - 2018-01-31T09:12:24.094Z] Session [a9730b40-0666-11e8-a1ee-d34a987d97d0] - page.onError - stack:
  decodeURIComponent (http://qianxi.baidu.com/dist/js/lib/backbone-min.js?b=v6:1)
  (anonymous function) (http://qianxi.baidu.com/dist/js/lib/backbone-min.js?b=v6:1)
  collect (http://qianxi.baidu.com/dist/js/lib/underscore.js?b=v6:6)
  _extractParameters (http://qianxi.baidu.com/dist/js/lib/backbone-min.js?b=v6:1)
  (anonymous function) (http://qianxi.baidu.com/dist/js/lib/backbone-min.js?b=v6:1)
  (anonymous function) (http://qianxi.baidu.com/dist/js/lib/backbone-min.js?b=v6:1)
  any (http://qianxi.baidu.com/dist/js/lib/underscore.js?b=v6:6)
  loadUrl (http://qianxi.baidu.com/dist/js/lib/backbone-min.js?b=v6:1)
  checkUrl (http://qianxi.baidu.com/dist/js/lib/backbone-min.js?b=v6:1)
  (anonymous function) (:0)

  phantomjs://platform/console++.js:263 in error
[ERROR - 2018-01-31T09:12:43.290Z] Session [a9730b40-0666-11e8-a1ee-d34a987d97d0] - page.onError - msg: URIError: URI error

  phantomjs://platform/console++.js:263 in error
[ERROR - 2018-01-31T09:12:43.291Z] Session [a9730b40-0666-11e8-a1ee-d34a987d97d0] - page.onError - stack:
  decodeURIComponent (http://qianxi.baidu.com/dist/js/lib/backbone-min.js?b=v6:1)
  (anonymous function) (http://qianxi.baidu.com/dist/js/lib/backbone-min.js?b=v6:1)
  collect (http://qianxi.baidu.com/dist/js/lib/underscore.js?b=v6:6)
  _extractParameters (http://qianxi.baidu.com/dist/js/lib/backbone-min.js?b=v6:1)
  (anonymous function) (http://qianxi.baidu.com/dist/js/lib/backbone-min.js?b=v6:1)
  (anonymous function) (http://qianxi.baidu.com/dist/js/lib/backbone-min.js?b=v6:1)
  any (http://qianxi.baidu.com/dist/js/lib/underscore.js?b=v6:6)
  loadUrl (http://qianxi.baidu.com/dist/js/lib/backbone-min.js?b=v6:1)
  checkUrl (http://qianxi.baidu.com/dist/js/lib/backbone-min.js?b=v6:1)
  (anonymous function) (:0)

  phantomjs://platform/console++.js:263 in error
[ERROR - 2018-01-31T09:13:11.490Z] Session [a9730b40-0666-11e8-a1ee-d34a987d97d0] - page.onError - msg: URIError: URI error

  phantomjs://platform/console++.js:263 in error
[ERROR - 2018-01-31T09:13:11.490Z] Session [a9730b40-0666-11e8-a1ee-d34a987d97d0] - page.onError - stack:
  decodeURIComponent (http://qianxi.baidu.com/dist/js/lib/backbone-min.js?b=v6:1)
  (anonymous function) (http://qianxi.baidu.com/dist/js/lib/backbone-min.js?b=v6:1)
  collect (http://qianxi.baidu.com/dist/js/lib/underscore.js?b=v6:6)
  _extractParameters (http://qianxi.baidu.com/dist/js/lib/backbone-min.js?b=v6:1)
  (anonymous function) (http://qianxi.baidu.com/dist/js/lib/backbone-min.js?b=v6:1)
  (anonymous function) (http://qianxi.baidu.com/dist/js/lib/backbone-min.js?b=v6:1)
  any (http://qianxi.baidu.com/dist/js/lib/underscore.js?b=v6:6)
  loadUrl (http://qianxi.baidu.com/dist/js/lib/backbone-min.js?b=v6:1)
  checkUrl (http://qianxi.baidu.com/dist/js/lib/backbone-min.js?b=v6:1)
  (anonymous function) (:0)

  phantomjs://platform/console++.js:263 in error
[ERROR - 2018-01-31T09:13:21.043Z] Session [a9730b40-0666-11e8-a1ee-d34a987d97d0] - page.onError - msg: URIError: URI error

  phantomjs://platform/console++.js:263 in error
[ERROR - 2018-01-31T09:13:21.044Z] Session [a9730b40-0666-11e8-a1ee-d34a987d97d0] - page.onError - stack:
  decodeURIComponent (http://qianxi.baidu.com/dist/js/lib/backbone-min.js?b=v6:1)
  (anonymous function) (http://qianxi.baidu.com/dist/js/lib/backbone-min.js?b=v6:1)
  collect (http://qianxi.baidu.com/dist/js/lib/underscore.js?b=v6:6)
  _extractParameters (http://qianxi.baidu.com/dist/js/lib/backbone-min.js?b=v6:1)
  (anonymous function) (http://qianxi.baidu.com/dist/js/lib/backbone-min.js?b=v6:1)
  (anonymous function) (http://qianxi.baidu.com/dist/js/lib/backbone-min.js?b=v6:1)
  any (http://qianxi.baidu.com/dist/js/lib/underscore.js?b=v6:6)
  loadUrl (http://qianxi.baidu.com/dist/js/lib/backbone-min.js?b=v6:1)
  checkUrl (http://qianxi.baidu.com/dist/js/lib/backbone-min.js?b=v6:1)
  (anonymous function) (:0)

  phantomjs://platform/console++.js:263 in error
[ERROR - 2018-01-31T09:13:31.163Z] Session [a9730b40-0666-11e8-a1ee-d34a987d97d0] - page.onError - msg: URIError: URI error

  phantomjs://platform/console++.js:263 in error
[ERROR - 2018-01-31T09:13:31.163Z] Session [a9730b40-0666-11e8-a1ee-d34a987d97d0] - page.onError - stack:
  decodeURIComponent (http://qianxi.baidu.com/dist/js/lib/backbone-min.js?b=v6:1)
  (anonymous function) (http://qianxi.baidu.com/dist/js/lib/backbone-min.js?b=v6:1)
  collect (http://qianxi.baidu.com/dist/js/lib/underscore.js?b=v6:6)
  _extractParameters (http://qianxi.baidu.com/dist/js/lib/backbone-min.js?b=v6:1)
  (anonymous function) (http://qianxi.baidu.com/dist/js/lib/backbone-min.js?b=v6:1)
  (anonymous function) (http://qianxi.baidu.com/dist/js/lib/backbone-min.js?b=v6:1)
  any (http://qianxi.baidu.com/dist/js/lib/underscore.js?b=v6:6)
  loadUrl (http://qianxi.baidu.com/dist/js/lib/backbone-min.js?b=v6:1)
  checkUrl (http://qianxi.baidu.com/dist/js/lib/backbone-min.js?b=v6:1)
  (anonymous function) (:0)

  phantomjs://platform/console++.js:263 in error
[ERROR - 2018-01-31T09:13:41.087Z] Session [a9730b40-0666-11e8-a1ee-d34a987d97d0] - page.onError - msg: URIError: URI error

  phantomjs://platform/console++.js:263 in error
[ERROR - 2018-01-31T09:13:41.087Z] Session [a9730b40-0666-11e8-a1ee-d34a987d97d0] - page.onError - stack:
  decodeURIComponent (http://qianxi.baidu.com/dist/js/lib/backbone-min.js?b=v6:1)
  (anonymous function) (http://qianxi.baidu.com/dist/js/lib/backbone-min.js?b=v6:1)
  collect (http://qianxi.baidu.com/dist/js/lib/underscore.js?b=v6:6)
  _extractParameters (http://qianxi.baidu.com/dist/js/lib/backbone-min.js?b=v6:1)
  (anonymous function) (http://qianxi.baidu.com/dist/js/lib/backbone-min.js?b=v6:1)
  (anonymous function) (http://qianxi.baidu.com/dist/js/lib/backbone-min.js?b=v6:1)
  any (http://qianxi.baidu.com/dist/js/lib/underscore.js?b=v6:6)
  loadUrl (http://qianxi.baidu.com/dist/js/lib/backbone-min.js?b=v6:1)
  checkUrl (http://qianxi.baidu.com/dist/js/lib/backbone-min.js?b=v6:1)
  (anonymous function) (:0)

  phantomjs://platform/console++.js:263 in error
[ERROR - 2018-01-31T09:13:50.785Z] Session [a9730b40-0666-11e8-a1ee-d34a987d97d0] - page.onError - msg: URIError: URI error

  phantomjs://platform/console++.js:263 in error
[ERROR - 2018-01-31T09:13:50.786Z] Session [a9730b40-0666-11e8-a1ee-d34a987d97d0] - page.onError - stack:
  decodeURIComponent (http://qianxi.baidu.com/dist/js/lib/backbone-min.js?b=v6:1)
  (anonymous function) (http://qianxi.baidu.com/dist/js/lib/backbone-min.js?b=v6:1)
  collect (http://qianxi.baidu.com/dist/js/lib/underscore.js?b=v6:6)
  _extractParameters (http://qianxi.baidu.com/dist/js/lib/backbone-min.js?b=v6:1)
  (anonymous function) (http://qianxi.baidu.com/dist/js/lib/backbone-min.js?b=v6:1)
  (anonymous function) (http://qianxi.baidu.com/dist/js/lib/backbone-min.js?b=v6:1)
  any (http://qianxi.baidu.com/dist/js/lib/underscore.js?b=v6:6)
  loadUrl (http://qianxi.baidu.com/dist/js/lib/backbone-min.js?b=v6:1)
  checkUrl (http://qianxi.baidu.com/dist/js/lib/backbone-min.js?b=v6:1)
  (anonymous function) (:0)

  phantomjs://platform/console++.js:263 in error
[ERROR - 2018-01-31T09:14:00.408Z] Session [a9730b40-0666-11e8-a1ee-d34a987d97d0] - page.onError - msg: URIError: URI error

  phantomjs://platform/console++.js:263 in error
[ERROR - 2018-01-31T09:14:00.408Z] Session [a9730b40-0666-11e8-a1ee-d34a987d97d0] - page.onError - stack:
  decodeURIComponent (http://qianxi.baidu.com/dist/js/lib/backbone-min.js?b=v6:1)
  (anonymous function) (http://qianxi.baidu.com/dist/js/lib/backbone-min.js?b=v6:1)
  collect (http://qianxi.baidu.com/dist/js/lib/underscore.js?b=v6:6)
  _extractParameters (http://qianxi.baidu.com/dist/js/lib/backbone-min.js?b=v6:1)
  (anonymous function) (http://qianxi.baidu.com/dist/js/lib/backbone-min.js?b=v6:1)
  (anonymous function) (http://qianxi.baidu.com/dist/js/lib/backbone-min.js?b=v6:1)
  any (http://qianxi.baidu.com/dist/js/lib/underscore.js?b=v6:6)
  loadUrl (http://qianxi.baidu.com/dist/js/lib/backbone-min.js?b=v6:1)
  checkUrl (http://qianxi.baidu.com/dist/js/lib/backbone-min.js?b=v6:1)
  (anonymous function) (:0)

  phantomjs://platform/console++.js:263 in error
[ERROR - 2018-01-31T09:14:19.378Z] Session [a9730b40-0666-11e8-a1ee-d34a987d97d0] - page.onError - msg: URIError: URI error

  phantomjs://platform/console++.js:263 in error
[ERROR - 2018-01-31T09:14:19.378Z] Session [a9730b40-0666-11e8-a1ee-d34a987d97d0] - page.onError - stack:
  decodeURIComponent (http://qianxi.baidu.com/dist/js/lib/backbone-min.js?b=v6:1)
  (anonymous function) (http://qianxi.baidu.com/dist/js/lib/backbone-min.js?b=v6:1)
  collect (http://qianxi.baidu.com/dist/js/lib/underscore.js?b=v6:6)
  _extractParameters (http://qianxi.baidu.com/dist/js/lib/backbone-min.js?b=v6:1)
  (anonymous function) (http://qianxi.baidu.com/dist/js/lib/backbone-min.js?b=v6:1)
  (anonymous function) (http://qianxi.baidu.com/dist/js/lib/backbone-min.js?b=v6:1)
  any (http://qianxi.baidu.com/dist/js/lib/underscore.js?b=v6:6)
  loadUrl (http://qianxi.baidu.com/dist/js/lib/backbone-min.js?b=v6:1)
  checkUrl (http://qianxi.baidu.com/dist/js/lib/backbone-min.js?b=v6:1)
  (anonymous function) (:0)

  phantomjs://platform/console++.js:263 in error
[ERROR - 2018-01-31T09:14:28.827Z] Session [a9730b40-0666-11e8-a1ee-d34a987d97d0] - page.onError - msg: URIError: URI error

  phantomjs://platform/console++.js:263 in error
[ERROR - 2018-01-31T09:14:28.827Z] Session [a9730b40-0666-11e8-a1ee-d34a987d97d0] - page.onError - stack:
  decodeURIComponent (http://qianxi.baidu.com/dist/js/lib/backbone-min.js?b=v6:1)
  (anonymous function) (http://qianxi.baidu.com/dist/js/lib/backbone-min.js?b=v6:1)
  collect (http://qianxi.baidu.com/dist/js/lib/underscore.js?b=v6:6)
  _extractParameters (http://qianxi.baidu.com/dist/js/lib/backbone-min.js?b=v6:1)
  (anonymous function) (http://qianxi.baidu.com/dist/js/lib/backbone-min.js?b=v6:1)
  (anonymous function) (http://qianxi.baidu.com/dist/js/lib/backbone-min.js?b=v6:1)
  any (http://qianxi.baidu.com/dist/js/lib/underscore.js?b=v6:6)
  loadUrl (http://qianxi.baidu.com/dist/js/lib/backbone-min.js?b=v6:1)
  checkUrl (http://qianxi.baidu.com/dist/js/lib/backbone-min.js?b=v6:1)
  (anonymous function) (:0)

  phantomjs://platform/console++.js:263 in error
[ERROR - 2018-01-31T09:14:57.629Z] Session [a9730b40-0666-11e8-a1ee-d34a987d97d0] - page.onError - msg: URIError: URI error

  phantomjs://platform/console++.js:263 in error
[ERROR - 2018-01-31T09:14:57.629Z] Session [a9730b40-0666-11e8-a1ee-d34a987d97d0] - page.onError - stack:
  decodeURIComponent (http://qianxi.baidu.com/dist/js/lib/backbone-min.js?b=v6:1)
  (anonymous function) (http://qianxi.baidu.com/dist/js/lib/backbone-min.js?b=v6:1)
  collect (http://qianxi.baidu.com/dist/js/lib/underscore.js?b=v6:6)
  _extractParameters (http://qianxi.baidu.com/dist/js/lib/backbone-min.js?b=v6:1)
  (anonymous function) (http://qianxi.baidu.com/dist/js/lib/backbone-min.js?b=v6:1)
  (anonymous function) (http://qianxi.baidu.com/dist/js/lib/backbone-min.js?b=v6:1)
  any (http://qianxi.baidu.com/dist/js/lib/underscore.js?b=v6:6)
  loadUrl (http://qianxi.baidu.com/dist/js/lib/backbone-min.js?b=v6:1)
  checkUrl (http://qianxi.baidu.com/dist/js/lib/backbone-min.js?b=v6:1)
  (anonymous function) (:0)

  phantomjs://platform/console++.js:263 in error
[ERROR - 2018-01-31T09:15:07.085Z] Session [a9730b40-0666-11e8-a1ee-d34a987d97d0] - page.onError - msg: URIError: URI error

  phantomjs://platform/console++.js:263 in error
[ERROR - 2018-01-31T09:15:07.085Z] Session [a9730b40-0666-11e8-a1ee-d34a987d97d0] - page.onError - stack:
  decodeURIComponent (http://qianxi.baidu.com/dist/js/lib/backbone-min.js?b=v6:1)
  (anonymous function) (http://qianxi.baidu.com/dist/js/lib/backbone-min.js?b=v6:1)
  collect (http://qianxi.baidu.com/dist/js/lib/underscore.js?b=v6:6)
  _extractParameters (http://qianxi.baidu.com/dist/js/lib/backbone-min.js?b=v6:1)
  (anonymous function) (http://qianxi.baidu.com/dist/js/lib/backbone-min.js?b=v6:1)
  (anonymous function) (http://qianxi.baidu.com/dist/js/lib/backbone-min.js?b=v6:1)
  any (http://qianxi.baidu.com/dist/js/lib/underscore.js?b=v6:6)
  loadUrl (http://qianxi.baidu.com/dist/js/lib/backbone-min.js?b=v6:1)
  checkUrl (http://qianxi.baidu.com/dist/js/lib/backbone-min.js?b=v6:1)
  (anonymous function) (:0)

  phantomjs://platform/console++.js:263 in error
[ERROR - 2018-01-31T09:15:16.833Z] Session [a9730b40-0666-11e8-a1ee-d34a987d97d0] - page.onError - msg: URIError: URI error

  phantomjs://platform/console++.js:263 in error
[ERROR - 2018-01-31T09:15:16.834Z] Session [a9730b40-0666-11e8-a1ee-d34a987d97d0] - page.onError - stack:
  decodeURIComponent (http://qianxi.baidu.com/dist/js/lib/backbone-min.js?b=v6:1)
  (anonymous function) (http://qianxi.baidu.com/dist/js/lib/backbone-min.js?b=v6:1)
  collect (http://qianxi.baidu.com/dist/js/lib/underscore.js?b=v6:6)
  _extractParameters (http://qianxi.baidu.com/dist/js/lib/backbone-min.js?b=v6:1)
  (anonymous function) (http://qianxi.baidu.com/dist/js/lib/backbone-min.js?b=v6:1)
  (anonymous function) (http://qianxi.baidu.com/dist/js/lib/backbone-min.js?b=v6:1)
  any (http://qianxi.baidu.com/dist/js/lib/underscore.js?b=v6:6)
  loadUrl (http://qianxi.baidu.com/dist/js/lib/backbone-min.js?b=v6:1)
  checkUrl (http://qianxi.baidu.com/dist/js/lib/backbone-min.js?b=v6:1)
  (anonymous function) (:0)

  phantomjs://platform/console++.js:263 in error
[ERROR - 2018-01-31T09:15:26.493Z] Session [a9730b40-0666-11e8-a1ee-d34a987d97d0] - page.onError - msg: URIError: URI error

  phantomjs://platform/console++.js:263 in error
[ERROR - 2018-01-31T09:15:26.493Z] Session [a9730b40-0666-11e8-a1ee-d34a987d97d0] - page.onError - stack:
  decodeURIComponent (http://qianxi.baidu.com/dist/js/lib/backbone-min.js?b=v6:1)
  (anonymous function) (http://qianxi.baidu.com/dist/js/lib/backbone-min.js?b=v6:1)
  collect (http://qianxi.baidu.com/dist/js/lib/underscore.js?b=v6:6)
  _extractParameters (http://qianxi.baidu.com/dist/js/lib/backbone-min.js?b=v6:1)
  (anonymous function) (http://qianxi.baidu.com/dist/js/lib/backbone-min.js?b=v6:1)
  (anonymous function) (http://qianxi.baidu.com/dist/js/lib/backbone-min.js?b=v6:1)
  any (http://qianxi.baidu.com/dist/js/lib/underscore.js?b=v6:6)
  loadUrl (http://qianxi.baidu.com/dist/js/lib/backbone-min.js?b=v6:1)
  checkUrl (http://qianxi.baidu.com/dist/js/lib/backbone-min.js?b=v6:1)
  (anonymous function) (:0)

  phantomjs://platform/console++.js:263 in error
[ERROR - 2018-01-31T09:15:45.588Z] Session [a9730b40-0666-11e8-a1ee-d34a987d97d0] - page.onError - msg: URIError: URI error

  phantomjs://platform/console++.js:263 in error
[ERROR - 2018-01-31T09:15:45.588Z] Session [a9730b40-0666-11e8-a1ee-d34a987d97d0] - page.onError - stack:
  decodeURIComponent (http://qianxi.baidu.com/dist/js/lib/backbone-min.js?b=v6:1)
  (anonymous function) (http://qianxi.baidu.com/dist/js/lib/backbone-min.js?b=v6:1)
  collect (http://qianxi.baidu.com/dist/js/lib/underscore.js?b=v6:6)
  _extractParameters (http://qianxi.baidu.com/dist/js/lib/backbone-min.js?b=v6:1)
  (anonymous function) (http://qianxi.baidu.com/dist/js/lib/backbone-min.js?b=v6:1)
  (anonymous function) (http://qianxi.baidu.com/dist/js/lib/backbone-min.js?b=v6:1)
  any (http://qianxi.baidu.com/dist/js/lib/underscore.js?b=v6:6)
  loadUrl (http://qianxi.baidu.com/dist/js/lib/backbone-min.js?b=v6:1)
  checkUrl (http://qianxi.baidu.com/dist/js/lib/backbone-min.js?b=v6:1)
  (anonymous function) (:0)

  phantomjs://platform/console++.js:263 in error
[ERROR - 2018-01-31T09:15:55.103Z] Session [a9730b40-0666-11e8-a1ee-d34a987d97d0] - page.onError - msg: URIError: URI error

  phantomjs://platform/console++.js:263 in error
[ERROR - 2018-01-31T09:15:55.103Z] Session [a9730b40-0666-11e8-a1ee-d34a987d97d0] - page.onError - stack:
  decodeURIComponent (http://qianxi.baidu.com/dist/js/lib/backbone-min.js?b=v6:1)
  (anonymous function) (http://qianxi.baidu.com/dist/js/lib/backbone-min.js?b=v6:1)
  collect (http://qianxi.baidu.com/dist/js/lib/underscore.js?b=v6:6)
  _extractParameters (http://qianxi.baidu.com/dist/js/lib/backbone-min.js?b=v6:1)
  (anonymous function) (http://qianxi.baidu.com/dist/js/lib/backbone-min.js?b=v6:1)
  (anonymous function) (http://qianxi.baidu.com/dist/js/lib/backbone-min.js?b=v6:1)
  any (http://qianxi.baidu.com/dist/js/lib/underscore.js?b=v6:6)
  loadUrl (http://qianxi.baidu.com/dist/js/lib/backbone-min.js?b=v6:1)
  checkUrl (http://qianxi.baidu.com/dist/js/lib/backbone-min.js?b=v6:1)
  (anonymous function) (:0)

  phantomjs://platform/console++.js:263 in error
[INFO  - 2018-01-31T09:16:01.314Z] SessionManagerReqHand - _cleanupWindowlessSessions - Asynchronous Sessions clean-up phase starting NOW
[ERROR - 2018-01-31T09:16:04.873Z] Session [a9730b40-0666-11e8-a1ee-d34a987d97d0] - page.onError - msg: URIError: URI error

  phantomjs://platform/console++.js:263 in error
[ERROR - 2018-01-31T09:16:04.875Z] Session [a9730b40-0666-11e8-a1ee-d34a987d97d0] - page.onError - stack:
  decodeURIComponent (http://qianxi.baidu.com/dist/js/lib/backbone-min.js?b=v6:1)
  (anonymous function) (http://qianxi.baidu.com/dist/js/lib/backbone-min.js?b=v6:1)
  collect (http://qianxi.baidu.com/dist/js/lib/underscore.js?b=v6:6)
  _extractParameters (http://qianxi.baidu.com/dist/js/lib/backbone-min.js?b=v6:1)
  (anonymous function) (http://qianxi.baidu.com/dist/js/lib/backbone-min.js?b=v6:1)
  (anonymous function) (http://qianxi.baidu.com/dist/js/lib/backbone-min.js?b=v6:1)
  any (http://qianxi.baidu.com/dist/js/lib/underscore.js?b=v6:6)
  loadUrl (http://qianxi.baidu.com/dist/js/lib/backbone-min.js?b=v6:1)
  checkUrl (http://qianxi.baidu.com/dist/js/lib/backbone-min.js?b=v6:1)
  (anonymous function) (:0)

  phantomjs://platform/console++.js:263 in error
[ERROR - 2018-01-31T09:16:14.788Z] Session [a9730b40-0666-11e8-a1ee-d34a987d97d0] - page.onError - msg: URIError: URI error

  phantomjs://platform/console++.js:263 in error
[ERROR - 2018-01-31T09:16:14.788Z] Session [a9730b40-0666-11e8-a1ee-d34a987d97d0] - page.onError - stack:
  decodeURIComponent (http://qianxi.baidu.com/dist/js/lib/backbone-min.js?b=v6:1)
  (anonymous function) (http://qianxi.baidu.com/dist/js/lib/backbone-min.js?b=v6:1)
  collect (http://qianxi.baidu.com/dist/js/lib/underscore.js?b=v6:6)
  _extractParameters (http://qianxi.baidu.com/dist/js/lib/backbone-min.js?b=v6:1)
  (anonymous function) (http://qianxi.baidu.com/dist/js/lib/backbone-min.js?b=v6:1)
  (anonymous function) (http://qianxi.baidu.com/dist/js/lib/backbone-min.js?b=v6:1)
  any (http://qianxi.baidu.com/dist/js/lib/underscore.js?b=v6:6)
  loadUrl (http://qianxi.baidu.com/dist/js/lib/backbone-min.js?b=v6:1)
  checkUrl (http://qianxi.baidu.com/dist/js/lib/backbone-min.js?b=v6:1)
  (anonymous function) (:0)

  phantomjs://platform/console++.js:263 in error
[ERROR - 2018-01-31T09:16:33.960Z] Session [a9730b40-0666-11e8-a1ee-d34a987d97d0] - page.onError - msg: URIError: URI error

  phantomjs://platform/console++.js:263 in error
[ERROR - 2018-01-31T09:16:33.961Z] Session [a9730b40-0666-11e8-a1ee-d34a987d97d0] - page.onError - stack:
  decodeURIComponent (http://qianxi.baidu.com/dist/js/lib/backbone-min.js?b=v6:1)
  (anonymous function) (http://qianxi.baidu.com/dist/js/lib/backbone-min.js?b=v6:1)
  collect (http://qianxi.baidu.com/dist/js/lib/underscore.js?b=v6:6)
  _extractParameters (http://qianxi.baidu.com/dist/js/lib/backbone-min.js?b=v6:1)
  (anonymous function) (http://qianxi.baidu.com/dist/js/lib/backbone-min.js?b=v6:1)
  (anonymous function) (http://qianxi.baidu.com/dist/js/lib/backbone-min.js?b=v6:1)
  any (http://qianxi.baidu.com/dist/js/lib/underscore.js?b=v6:6)
  loadUrl (http://qianxi.baidu.com/dist/js/lib/backbone-min.js?b=v6:1)
  checkUrl (http://qianxi.baidu.com/dist/js/lib/backbone-min.js?b=v6:1)
  (anonymous function) (:0)

  phantomjs://platform/console++.js:263 in error
[ERROR - 2018-01-31T09:16:43.904Z] Session [a9730b40-0666-11e8-a1ee-d34a987d97d0] - page.onError - msg: URIError: URI error

  phantomjs://platform/console++.js:263 in error
[ERROR - 2018-01-31T09:16:43.905Z] Session [a9730b40-0666-11e8-a1ee-d34a987d97d0] - page.onError - stack:
  decodeURIComponent (http://qianxi.baidu.com/dist/js/lib/backbone-min.js?b=v6:1)
  (anonymous function) (http://qianxi.baidu.com/dist/js/lib/backbone-min.js?b=v6:1)
  collect (http://qianxi.baidu.com/dist/js/lib/underscore.js?b=v6:6)
  _extractParameters (http://qianxi.baidu.com/dist/js/lib/backbone-min.js?b=v6:1)
  (anonymous function) (http://qianxi.baidu.com/dist/js/lib/backbone-min.js?b=v6:1)
  (anonymous function) (http://qianxi.baidu.com/dist/js/lib/backbone-min.js?b=v6:1)
  any (http://qianxi.baidu.com/dist/js/lib/underscore.js?b=v6:6)
  loadUrl (http://qianxi.baidu.com/dist/js/lib/backbone-min.js?b=v6:1)
  checkUrl (http://qianxi.baidu.com/dist/js/lib/backbone-min.js?b=v6:1)
  (anonymous function) (:0)

  phantomjs://platform/console++.js:263 in error
[ERROR - 2018-01-31T09:16:53.767Z] Session [a9730b40-0666-11e8-a1ee-d34a987d97d0] - page.onError - msg: URIError: URI error

  phantomjs://platform/console++.js:263 in error
[ERROR - 2018-01-31T09:16:53.767Z] Session [a9730b40-0666-11e8-a1ee-d34a987d97d0] - page.onError - stack:
  decodeURIComponent (http://qianxi.baidu.com/dist/js/lib/backbone-min.js?b=v6:1)
  (anonymous function) (http://qianxi.baidu.com/dist/js/lib/backbone-min.js?b=v6:1)
  collect (http://qianxi.baidu.com/dist/js/lib/underscore.js?b=v6:6)
  _extractParameters (http://qianxi.baidu.com/dist/js/lib/backbone-min.js?b=v6:1)
  (anonymous function) (http://qianxi.baidu.com/dist/js/lib/backbone-min.js?b=v6:1)
  (anonymous function) (http://qianxi.baidu.com/dist/js/lib/backbone-min.js?b=v6:1)
  any (http://qianxi.baidu.com/dist/js/lib/underscore.js?b=v6:6)
  loadUrl (http://qianxi.baidu.com/dist/js/lib/backbone-min.js?b=v6:1)
  checkUrl (http://qianxi.baidu.com/dist/js/lib/backbone-min.js?b=v6:1)
  (anonymous function) (:0)

  phantomjs://platform/console++.js:263 in error
[ERROR - 2018-01-31T09:17:03.512Z] Session [a9730b40-0666-11e8-a1ee-d34a987d97d0] - page.onError - msg: URIError: URI error

  phantomjs://platform/console++.js:263 in error
[ERROR - 2018-01-31T09:17:03.512Z] Session [a9730b40-0666-11e8-a1ee-d34a987d97d0] - page.onError - stack:
  decodeURIComponent (http://qianxi.baidu.com/dist/js/lib/backbone-min.js?b=v6:1)
  (anonymous function) (http://qianxi.baidu.com/dist/js/lib/backbone-min.js?b=v6:1)
  collect (http://qianxi.baidu.com/dist/js/lib/underscore.js?b=v6:6)
  _extractParameters (http://qianxi.baidu.com/dist/js/lib/backbone-min.js?b=v6:1)
  (anonymous function) (http://qianxi.baidu.com/dist/js/lib/backbone-min.js?b=v6:1)
  (anonymous function) (http://qianxi.baidu.com/dist/js/lib/backbone-min.js?b=v6:1)
  any (http://qianxi.baidu.com/dist/js/lib/underscore.js?b=v6:6)
  loadUrl (http://qianxi.baidu.com/dist/js/lib/backbone-min.js?b=v6:1)
  checkUrl (http://qianxi.baidu.com/dist/js/lib/backbone-min.js?b=v6:1)
  (anonymous function) (:0)

  phantomjs://platform/console++.js:263 in error
[ERROR - 2018-01-31T09:17:13.337Z] Session [a9730b40-0666-11e8-a1ee-d34a987d97d0] - page.onError - msg: URIError: URI error

  phantomjs://platform/console++.js:263 in error
[ERROR - 2018-01-31T09:17:13.338Z] Session [a9730b40-0666-11e8-a1ee-d34a987d97d0] - page.onError - stack:
  decodeURIComponent (http://qianxi.baidu.com/dist/js/lib/backbone-min.js?b=v6:1)
  (anonymous function) (http://qianxi.baidu.com/dist/js/lib/backbone-min.js?b=v6:1)
  collect (http://qianxi.baidu.com/dist/js/lib/underscore.js?b=v6:6)
  _extractParameters (http://qianxi.baidu.com/dist/js/lib/backbone-min.js?b=v6:1)
  (anonymous function) (http://qianxi.baidu.com/dist/js/lib/backbone-min.js?b=v6:1)
  (anonymous function) (http://qianxi.baidu.com/dist/js/lib/backbone-min.js?b=v6:1)
  any (http://qianxi.baidu.com/dist/js/lib/underscore.js?b=v6:6)
  loadUrl (http://qianxi.baidu.com/dist/js/lib/backbone-min.js?b=v6:1)
  checkUrl (http://qianxi.baidu.com/dist/js/lib/backbone-min.js?b=v6:1)
  (anonymous function) (:0)

  phantomjs://platform/console++.js:263 in error
[ERROR - 2018-01-31T09:17:23.108Z] Session [a9730b40-0666-11e8-a1ee-d34a987d97d0] - page.onError - msg: URIError: URI error

  phantomjs://platform/console++.js:263 in error
[ERROR - 2018-01-31T09:17:23.109Z] Session [a9730b40-0666-11e8-a1ee-d34a987d97d0] - page.onError - stack:
  decodeURIComponent (http://qianxi.baidu.com/dist/js/lib/backbone-min.js?b=v6:1)
  (anonymous function) (http://qianxi.baidu.com/dist/js/lib/backbone-min.js?b=v6:1)
  collect (http://qianxi.baidu.com/dist/js/lib/underscore.js?b=v6:6)
  _extractParameters (http://qianxi.baidu.com/dist/js/lib/backbone-min.js?b=v6:1)
  (anonymous function) (http://qianxi.baidu.com/dist/js/lib/backbone-min.js?b=v6:1)
  (anonymous function) (http://qianxi.baidu.com/dist/js/lib/backbone-min.js?b=v6:1)
  any (http://qianxi.baidu.com/dist/js/lib/underscore.js?b=v6:6)
  loadUrl (http://qianxi.baidu.com/dist/js/lib/backbone-min.js?b=v6:1)
  checkUrl (http://qianxi.baidu.com/dist/js/lib/backbone-min.js?b=v6:1)
  (anonymous function) (:0)

  phantomjs://platform/console++.js:263 in error
[ERROR - 2018-01-31T09:17:51.785Z] Session [a9730b40-0666-11e8-a1ee-d34a987d97d0] - page.onError - msg: URIError: URI error

  phantomjs://platform/console++.js:263 in error
[ERROR - 2018-01-31T09:17:51.786Z] Session [a9730b40-0666-11e8-a1ee-d34a987d97d0] - page.onError - stack:
  decodeURIComponent (http://qianxi.baidu.com/dist/js/lib/backbone-min.js?b=v6:1)
  (anonymous function) (http://qianxi.baidu.com/dist/js/lib/backbone-min.js?b=v6:1)
  collect (http://qianxi.baidu.com/dist/js/lib/underscore.js?b=v6:6)
  _extractParameters (http://qianxi.baidu.com/dist/js/lib/backbone-min.js?b=v6:1)
  (anonymous function) (http://qianxi.baidu.com/dist/js/lib/backbone-min.js?b=v6:1)
  (anonymous function) (http://qianxi.baidu.com/dist/js/lib/backbone-min.js?b=v6:1)
  any (http://qianxi.baidu.com/dist/js/lib/underscore.js?b=v6:6)
  loadUrl (http://qianxi.baidu.com/dist/js/lib/backbone-min.js?b=v6:1)
  checkUrl (http://qianxi.baidu.com/dist/js/lib/backbone-min.js?b=v6:1)
  (anonymous function) (:0)

  phantomjs://platform/console++.js:263 in error
[ERROR - 2018-01-31T09:18:02.970Z] Session [a9730b40-0666-11e8-a1ee-d34a987d97d0] - page.onError - msg: URIError: URI error

  phantomjs://platform/console++.js:263 in error
[ERROR - 2018-01-31T09:18:02.970Z] Session [a9730b40-0666-11e8-a1ee-d34a987d97d0] - page.onError - stack:
  decodeURIComponent (http://qianxi.baidu.com/dist/js/lib/backbone-min.js?b=v6:1)
  (anonymous function) (http://qianxi.baidu.com/dist/js/lib/backbone-min.js?b=v6:1)
  collect (http://qianxi.baidu.com/dist/js/lib/underscore.js?b=v6:6)
  _extractParameters (http://qianxi.baidu.com/dist/js/lib/backbone-min.js?b=v6:1)
  (anonymous function) (http://qianxi.baidu.com/dist/js/lib/backbone-min.js?b=v6:1)
  (anonymous function) (http://qianxi.baidu.com/dist/js/lib/backbone-min.js?b=v6:1)
  any (http://qianxi.baidu.com/dist/js/lib/underscore.js?b=v6:6)
  loadUrl (http://qianxi.baidu.com/dist/js/lib/backbone-min.js?b=v6:1)
  checkUrl (http://qianxi.baidu.com/dist/js/lib/backbone-min.js?b=v6:1)
  (anonymous function) (:0)

  phantomjs://platform/console++.js:263 in error
[ERROR - 2018-01-31T09:18:04.430Z] Session [a9730b40-0666-11e8-a1ee-d34a987d97d0] - page.onError - msg: TypeError: undefined is not an object (evaluating 'e[0]')

  phantomjs://platform/console++.js:263 in error
[ERROR - 2018-01-31T09:18:04.431Z] Session [a9730b40-0666-11e8-a1ee-d34a987d97d0] - page.onError - stack:
  geoCoord2Pixel (http://qianxi.baidu.com/dist/js/echarts-2.2.2/extension/BMap/src/main.js?b=v6:1)
  _AddPos (http://qianxi.baidu.com/dist/js/echarts-2.2.2/extension/BMap/src/main.js?b=v6:1)
  e (http://qianxi.baidu.com/dist/js/echarts-2.2.2/extension/BMap/src/main.js?b=v6:1)
  addMarkLine (http://echarts.baidu.com/build/dist/echarts-all.js?b=v6:1)
  addMarkLine (http://qianxi.baidu.com/dist/js/profession/basemap.js?b=v6:1)
  addCityHotLine (http://qianxi.baidu.com/dist/js/profession/qianxiline.js?b=v6:1)
  (anonymous function) (http://qianxi.baidu.com/dist/js/profession/basemap.js?b=v6:1)
  execCb (http://qianxi.baidu.com/dist/js/require.js?v=1:7)
  check (http://qianxi.baidu.com/dist/js/require.js?v=1:7)
  enable (http://qianxi.baidu.com/dist/js/require.js?v=1:7)
  init (http://qianxi.baidu.com/dist/js/require.js?v=1:7)
  (anonymous function) (http://qianxi.baidu.com/dist/js/require.js?v=1:7)

  phantomjs://platform/console++.js:263 in error
[ERROR - 2018-01-31T09:18:13.254Z] Session [a9730b40-0666-11e8-a1ee-d34a987d97d0] - page.onError - msg: URIError: URI error

  phantomjs://platform/console++.js:263 in error
[ERROR - 2018-01-31T09:18:13.260Z] Session [a9730b40-0666-11e8-a1ee-d34a987d97d0] - page.onError - stack:
  decodeURIComponent (http://qianxi.baidu.com/dist/js/lib/backbone-min.js?b=v6:1)
  (anonymous function) (http://qianxi.baidu.com/dist/js/lib/backbone-min.js?b=v6:1)
  collect (http://qianxi.baidu.com/dist/js/lib/underscore.js?b=v6:6)
  _extractParameters (http://qianxi.baidu.com/dist/js/lib/backbone-min.js?b=v6:1)
  (anonymous function) (http://qianxi.baidu.com/dist/js/lib/backbone-min.js?b=v6:1)
  (anonymous function) (http://qianxi.baidu.com/dist/js/lib/backbone-min.js?b=v6:1)
  any (http://qianxi.baidu.com/dist/js/lib/underscore.js?b=v6:6)
  loadUrl (http://qianxi.baidu.com/dist/js/lib/backbone-min.js?b=v6:1)
  checkUrl (http://qianxi.baidu.com/dist/js/lib/backbone-min.js?b=v6:1)
  (anonymous function) (:0)

  phantomjs://platform/console++.js:263 in error
[ERROR - 2018-01-31T09:18:23.439Z] Session [a9730b40-0666-11e8-a1ee-d34a987d97d0] - page.onError - msg: URIError: URI error

  phantomjs://platform/console++.js:263 in error
[ERROR - 2018-01-31T09:18:23.440Z] Session [a9730b40-0666-11e8-a1ee-d34a987d97d0] - page.onError - stack:
  decodeURIComponent (http://qianxi.baidu.com/dist/js/lib/backbone-min.js?b=v6:1)
  (anonymous function) (http://qianxi.baidu.com/dist/js/lib/backbone-min.js?b=v6:1)
  collect (http://qianxi.baidu.com/dist/js/lib/underscore.js?b=v6:6)
  _extractParameters (http://qianxi.baidu.com/dist/js/lib/backbone-min.js?b=v6:1)
  (anonymous function) (http://qianxi.baidu.com/dist/js/lib/backbone-min.js?b=v6:1)
  (anonymous function) (http://qianxi.baidu.com/dist/js/lib/backbone-min.js?b=v6:1)
  any (http://qianxi.baidu.com/dist/js/lib/underscore.js?b=v6:6)
  loadUrl (http://qianxi.baidu.com/dist/js/lib/backbone-min.js?b=v6:1)
  checkUrl (http://qianxi.baidu.com/dist/js/lib/backbone-min.js?b=v6:1)
  (anonymous function) (:0)

  phantomjs://platform/console++.js:263 in error
[ERROR - 2018-01-31T09:18:52.044Z] Session [a9730b40-0666-11e8-a1ee-d34a987d97d0] - page.onError - msg: URIError: URI error

  phantomjs://platform/console++.js:263 in error
[ERROR - 2018-01-31T09:18:52.046Z] Session [a9730b40-0666-11e8-a1ee-d34a987d97d0] - page.onError - stack:
  decodeURIComponent (http://qianxi.baidu.com/dist/js/lib/backbone-min.js?b=v6:1)
  (anonymous function) (http://qianxi.baidu.com/dist/js/lib/backbone-min.js?b=v6:1)
  collect (http://qianxi.baidu.com/dist/js/lib/underscore.js?b=v6:6)
  _extractParameters (http://qianxi.baidu.com/dist/js/lib/backbone-min.js?b=v6:1)
  (anonymous function) (http://qianxi.baidu.com/dist/js/lib/backbone-min.js?b=v6:1)
  (anonymous function) (http://qianxi.baidu.com/dist/js/lib/backbone-min.js?b=v6:1)
  any (http://qianxi.baidu.com/dist/js/lib/underscore.js?b=v6:6)
  loadUrl (http://qianxi.baidu.com/dist/js/lib/backbone-min.js?b=v6:1)
  checkUrl (http://qianxi.baidu.com/dist/js/lib/backbone-min.js?b=v6:1)
  (anonymous function) (:0)

  phantomjs://platform/console++.js:263 in error
[ERROR - 2018-01-31T09:19:01.893Z] Session [a9730b40-0666-11e8-a1ee-d34a987d97d0] - page.onError - msg: URIError: URI error

  phantomjs://platform/console++.js:263 in error
[ERROR - 2018-01-31T09:19:01.893Z] Session [a9730b40-0666-11e8-a1ee-d34a987d97d0] - page.onError - stack:
  decodeURIComponent (http://qianxi.baidu.com/dist/js/lib/backbone-min.js?b=v6:1)
  (anonymous function) (http://qianxi.baidu.com/dist/js/lib/backbone-min.js?b=v6:1)
  collect (http://qianxi.baidu.com/dist/js/lib/underscore.js?b=v6:6)
  _extractParameters (http://qianxi.baidu.com/dist/js/lib/backbone-min.js?b=v6:1)
  (anonymous function) (http://qianxi.baidu.com/dist/js/lib/backbone-min.js?b=v6:1)
  (anonymous function) (http://qianxi.baidu.com/dist/js/lib/backbone-min.js?b=v6:1)
  any (http://qianxi.baidu.com/dist/js/lib/underscore.js?b=v6:6)
  loadUrl (http://qianxi.baidu.com/dist/js/lib/backbone-min.js?b=v6:1)
  checkUrl (http://qianxi.baidu.com/dist/js/lib/backbone-min.js?b=v6:1)
  (anonymous function) (:0)

  phantomjs://platform/console++.js:263 in error
[ERROR - 2018-01-31T09:19:11.947Z] Session [a9730b40-0666-11e8-a1ee-d34a987d97d0] - page.onError - msg: URIError: URI error

  phantomjs://platform/console++.js:263 in error
[ERROR - 2018-01-31T09:19:11.948Z] Session [a9730b40-0666-11e8-a1ee-d34a987d97d0] - page.onError - stack:
  decodeURIComponent (http://qianxi.baidu.com/dist/js/lib/backbone-min.js?b=v6:1)
  (anonymous function) (http://qianxi.baidu.com/dist/js/lib/backbone-min.js?b=v6:1)
  collect (http://qianxi.baidu.com/dist/js/lib/underscore.js?b=v6:6)
  _extractParameters (http://qianxi.baidu.com/dist/js/lib/backbone-min.js?b=v6:1)
  (anonymous function) (http://qianxi.baidu.com/dist/js/lib/backbone-min.js?b=v6:1)
  (anonymous function) (http://qianxi.baidu.com/dist/js/lib/backbone-min.js?b=v6:1)
  any (http://qianxi.baidu.com/dist/js/lib/underscore.js?b=v6:6)
  loadUrl (http://qianxi.baidu.com/dist/js/lib/backbone-min.js?b=v6:1)
  checkUrl (http://qianxi.baidu.com/dist/js/lib/backbone-min.js?b=v6:1)
  (anonymous function) (:0)

  phantomjs://platform/console++.js:263 in error
[ERROR - 2018-01-31T09:19:21.804Z] Session [a9730b40-0666-11e8-a1ee-d34a987d97d0] - page.onError - msg: URIError: URI error

  phantomjs://platform/console++.js:263 in error
[ERROR - 2018-01-31T09:19:21.804Z] Session [a9730b40-0666-11e8-a1ee-d34a987d97d0] - page.onError - stack:
  decodeURIComponent (http://qianxi.baidu.com/dist/js/lib/backbone-min.js?b=v6:1)
  (anonymous function) (http://qianxi.baidu.com/dist/js/lib/backbone-min.js?b=v6:1)
  collect (http://qianxi.baidu.com/dist/js/lib/underscore.js?b=v6:6)
  _extractParameters (http://qianxi.baidu.com/dist/js/lib/backbone-min.js?b=v6:1)
  (anonymous function) (http://qianxi.baidu.com/dist/js/lib/backbone-min.js?b=v6:1)
  (anonymous function) (http://qianxi.baidu.com/dist/js/lib/backbone-min.js?b=v6:1)
  any (http://qianxi.baidu.com/dist/js/lib/underscore.js?b=v6:6)
  loadUrl (http://qianxi.baidu.com/dist/js/lib/backbone-min.js?b=v6:1)
  checkUrl (http://qianxi.baidu.com/dist/js/lib/backbone-min.js?b=v6:1)
  (anonymous function) (:0)

  phantomjs://platform/console++.js:263 in error
[ERROR - 2018-01-31T09:19:31.609Z] Session [a9730b40-0666-11e8-a1ee-d34a987d97d0] - page.onError - msg: URIError: URI error

  phantomjs://platform/console++.js:263 in error
[ERROR - 2018-01-31T09:19:31.610Z] Session [a9730b40-0666-11e8-a1ee-d34a987d97d0] - page.onError - stack:
  decodeURIComponent (http://qianxi.baidu.com/dist/js/lib/backbone-min.js?b=v6:1)
  (anonymous function) (http://qianxi.baidu.com/dist/js/lib/backbone-min.js?b=v6:1)
  collect (http://qianxi.baidu.com/dist/js/lib/underscore.js?b=v6:6)
  _extractParameters (http://qianxi.baidu.com/dist/js/lib/backbone-min.js?b=v6:1)
  (anonymous function) (http://qianxi.baidu.com/dist/js/lib/backbone-min.js?b=v6:1)
  (anonymous function) (http://qianxi.baidu.com/dist/js/lib/backbone-min.js?b=v6:1)
  any (http://qianxi.baidu.com/dist/js/lib/underscore.js?b=v6:6)
  loadUrl (http://qianxi.baidu.com/dist/js/lib/backbone-min.js?b=v6:1)
  checkUrl (http://qianxi.baidu.com/dist/js/lib/backbone-min.js?b=v6:1)
  (anonymous function) (:0)

  phantomjs://platform/console++.js:263 in error
